2012-02-14 15:28:11,827 [-] [main]  WARN SchemaCompiler No schemaLocation for import of http://services.iotcloud.cgl/xsd; compilation may fail
2012-02-14 15:28:11,827 [-] [main]  WARN SchemaCompiler No schemaLocation for import of http://client.services.iotcloud.cgl/xsd; compilation may fail
2012-02-14 15:28:12,334 [-] [main]  WARN SchemaCompiler No schemaLocation for import of http://services.iotcloud.cgl/xsd; compilation may fail
2012-02-14 15:28:12,377 [-] [main]  WARN SchemaCompiler No schemaLocation for import of http://services.iotcloud.cgl/xsd; compilation may fail
2012-02-14 15:33:13,720 [-] [main]  WARN SchemaCompiler No schemaLocation for import of http://services.iotcloud.cgl/xsd; compilation may fail
2012-02-14 15:33:13,721 [-] [main]  WARN SchemaCompiler No schemaLocation for import of http://client.services.iotcloud.cgl/xsd; compilation may fail
2012-02-14 15:33:14,262 [-] [main]  WARN SchemaCompiler No schemaLocation for import of http://services.iotcloud.cgl/xsd; compilation may fail
2012-02-14 15:33:14,334 [-] [main]  WARN SchemaCompiler No schemaLocation for import of http://services.iotcloud.cgl/xsd; compilation may fail
2012-02-14 15:33:14,373 [-] [main]  INFO FileWriter The target\generated-code\src\cgl\iotcloud\gen\clients\ClientRegistrationServiceCallbackHandler.java file cannot be overwritten.
2012-02-14 15:33:14,379 [-] [main]  INFO FileWriter The target\generated-code\src\cgl\iotcloud\gen\clients\ClientRegistrationService.java file cannot be overwritten.
2012-02-14 15:33:14,388 [-] [main]  INFO FileWriter The target\generated-code\src\cgl\iotcloud\gen\clients\ClientRegistrationServiceStub.java file cannot be overwritten.
2012-02-14 17:13:50,350 [-] [main]  WARN SchemaCompiler No schemaLocation for import of http://services.iotcloud.cgl/xsd; compilation may fail
2012-02-14 17:13:50,366 [-] [main]  WARN SchemaCompiler No schemaLocation for import of http://client.services.iotcloud.cgl/xsd; compilation may fail
2012-02-14 17:13:53,296 [-] [main]  WARN SchemaCompiler No schemaLocation for import of http://services.iotcloud.cgl/xsd; compilation may fail
2012-02-14 17:13:53,329 [-] [main]  WARN SchemaCompiler No schemaLocation for import of http://services.iotcloud.cgl/xsd; compilation may fail
2012-02-14 17:29:07,663 [-] [main]  WARN SchemaCompiler No schemaLocation for import of http://services.iotcloud.cgl/xsd; compilation may fail
2012-02-14 17:29:07,664 [-] [main]  WARN SchemaCompiler No schemaLocation for import of http://client.services.iotcloud.cgl/xsd; compilation may fail
2012-02-14 17:29:09,119 [-] [main]  WARN SchemaCompiler No schemaLocation for import of http://services.iotcloud.cgl/xsd; compilation may fail
2012-02-14 17:29:09,154 [-] [main]  WARN SchemaCompiler No schemaLocation for import of http://services.iotcloud.cgl/xsd; compilation may fail
2012-02-15 09:52:36,715 [-] [main]  WARN SchemaCompiler No schemaLocation for import of http://services.iotcloud.cgl/xsd; compilation may fail
2012-02-15 09:52:36,716 [-] [main]  WARN SchemaCompiler No schemaLocation for import of http://client.services.iotcloud.cgl/xsd; compilation may fail
2012-02-15 09:52:37,524 [-] [main]  WARN SchemaCompiler No schemaLocation for import of http://services.iotcloud.cgl/xsd; compilation may fail
2012-02-15 09:52:37,549 [-] [main]  WARN SchemaCompiler No schemaLocation for import of http://services.iotcloud.cgl/xsd; compilation may fail
2012-03-03 01:32:14,316 [-] [main]  WARN SchemaCompiler No schemaLocation for import of http://services.iotcloud.cgl/xsd; compilation may fail
2012-03-03 01:32:14,317 [-] [main]  WARN SchemaCompiler No schemaLocation for import of http://client.services.iotcloud.cgl/xsd; compilation may fail
2012-03-03 01:32:15,121 [-] [main]  WARN SchemaCompiler No schemaLocation for import of http://services.iotcloud.cgl/xsd; compilation may fail
2012-03-03 01:32:15,156 [-] [main]  WARN SchemaCompiler No schemaLocation for import of http://services.iotcloud.cgl/xsd; compilation may fail
2012-03-03 02:47:55,816 [-] [main]  WARN SchemaCompiler No schemaLocation for import of http://services.iotcloud.cgl/xsd; compilation may fail
2012-03-03 02:47:55,817 [-] [main]  WARN SchemaCompiler No schemaLocation for import of http://client.services.iotcloud.cgl/xsd; compilation may fail
2012-03-03 02:47:56,665 [-] [main]  WARN SchemaCompiler No schemaLocation for import of http://services.iotcloud.cgl/xsd; compilation may fail
2012-03-03 02:47:56,692 [-] [main]  WARN SchemaCompiler No schemaLocation for import of http://services.iotcloud.cgl/xsd; compilation may fail
2012-03-06 17:39:38,437 [-] [main]  WARN SchemaCompiler No schemaLocation for import of http://services.iotcloud.cgl/xsd; compilation may fail
2012-03-06 17:39:38,471 [-] [main]  WARN SchemaCompiler No schemaLocation for import of http://client.services.iotcloud.cgl/xsd; compilation may fail
2012-03-06 17:39:39,292 [-] [main]  WARN SchemaCompiler No schemaLocation for import of http://services.iotcloud.cgl/xsd; compilation may fail
2012-03-06 17:39:39,332 [-] [main]  WARN SchemaCompiler No schemaLocation for import of http://services.iotcloud.cgl/xsd; compilation may fail
2012-03-14 03:42:34,295 [-] [main]  WARN SchemaCompiler No schemaLocation for import of http://services.iotcloud.cgl/xsd; compilation may fail
2012-03-14 03:42:34,323 [-] [main]  WARN SchemaCompiler No schemaLocation for import of http://client.services.iotcloud.cgl/xsd; compilation may fail
2012-03-14 03:42:35,096 [-] [main]  WARN SchemaCompiler No schemaLocation for import of http://services.iotcloud.cgl/xsd; compilation may fail
2012-03-14 03:42:35,146 [-] [main]  WARN SchemaCompiler No schemaLocation for import of http://services.iotcloud.cgl/xsd; compilation may fail
2012-03-14 20:31:55,442 [-] [main]  WARN SchemaCompiler No schemaLocation for import of http://services.iotcloud.cgl/xsd; compilation may fail
2012-03-14 20:31:55,465 [-] [main]  WARN SchemaCompiler No schemaLocation for import of http://client.services.iotcloud.cgl/xsd; compilation may fail
2012-03-14 20:31:56,409 [-] [main]  WARN SchemaCompiler No schemaLocation for import of http://services.iotcloud.cgl/xsd; compilation may fail
2012-03-14 20:31:56,439 [-] [main]  WARN SchemaCompiler No schemaLocation for import of http://services.iotcloud.cgl/xsd; compilation may fail
2012-03-15 08:16:06,826 [-] [main]  WARN SchemaCompiler No schemaLocation for import of http://services.iotcloud.cgl/xsd; compilation may fail
2012-03-15 08:16:06,827 [-] [main]  WARN SchemaCompiler No schemaLocation for import of http://client.services.iotcloud.cgl/xsd; compilation may fail
2012-03-15 08:16:07,665 [-] [main]  WARN SchemaCompiler No schemaLocation for import of http://services.iotcloud.cgl/xsd; compilation may fail
2012-03-15 08:16:07,906 [-] [main]  WARN SchemaCompiler No schemaLocation for import of http://services.iotcloud.cgl/xsd; compilation may fail
2012-03-15 08:31:28,107 [-] [main]  WARN SchemaCompiler No schemaLocation for import of http://services.iotcloud.cgl/xsd; compilation may fail
2012-03-15 08:31:28,108 [-] [main]  WARN SchemaCompiler No schemaLocation for import of http://client.services.iotcloud.cgl/xsd; compilation may fail
2012-03-15 08:31:30,369 [-] [main]  WARN SchemaCompiler No schemaLocation for import of http://services.iotcloud.cgl/xsd; compilation may fail
2012-03-15 08:31:30,508 [-] [main]  WARN SchemaCompiler No schemaLocation for import of http://services.iotcloud.cgl/xsd; compilation may fail
2012-03-15 08:40:21,409 [-] [main]  WARN SchemaCompiler No schemaLocation for import of http://services.iotcloud.cgl/xsd; compilation may fail
2012-03-15 08:40:21,409 [-] [main]  WARN SchemaCompiler No schemaLocation for import of http://client.services.iotcloud.cgl/xsd; compilation may fail
2012-03-15 08:40:23,520 [-] [main]  WARN SchemaCompiler No schemaLocation for import of http://services.iotcloud.cgl/xsd; compilation may fail
2012-03-15 08:40:23,559 [-] [main]  WARN SchemaCompiler No schemaLocation for import of http://services.iotcloud.cgl/xsd; compilation may fail
2012-03-15 09:03:48,636 [-] [main]  WARN SchemaCompiler No schemaLocation for import of http://services.iotcloud.cgl/xsd; compilation may fail
2012-03-15 09:03:48,637 [-] [main]  WARN SchemaCompiler No schemaLocation for import of http://client.services.iotcloud.cgl/xsd; compilation may fail
2012-03-15 09:03:49,485 [-] [main]  WARN SchemaCompiler No schemaLocation for import of http://services.iotcloud.cgl/xsd; compilation may fail
2012-03-15 09:03:49,528 [-] [main]  WARN SchemaCompiler No schemaLocation for import of http://services.iotcloud.cgl/xsd; compilation may fail
