2012-02-14 15:28:07,808 [-] [main]  WARN SchemaCompiler No schemaLocation for import of http://sensor.services.iotcloud.cgl/xsd; compilation may fail
2012-02-14 15:28:07,810 [-] [main]  WARN SchemaCompiler No schemaLocation for import of http://services.iotcloud.cgl/xsd; compilation may fail
2012-02-14 15:33:11,761 [-] [main]  WARN SchemaCompiler No schemaLocation for import of http://sensor.services.iotcloud.cgl/xsd; compilation may fail
2012-02-14 15:33:11,762 [-] [main]  WARN SchemaCompiler No schemaLocation for import of http://services.iotcloud.cgl/xsd; compilation may fail
2012-02-14 15:33:12,342 [-] [main]  INFO FileWriter The target\generated-code\src\cgl\iotcloud\gen\clients\SensorRegistrationServiceCallbackHandler.java file cannot be overwritten.
2012-02-14 15:33:12,346 [-] [main]  INFO FileWriter The target\generated-code\src\cgl\iotcloud\gen\clients\SensorRegistrationService.java file cannot be overwritten.
2012-02-14 15:33:12,351 [-] [main]  INFO FileWriter The target\generated-code\src\cgl\iotcloud\gen\clients\SensorRegistrationServiceStub.java file cannot be overwritten.
2012-02-14 17:14:12,199 [-] [main]  WARN SchemaCompiler No schemaLocation for import of http://sensor.services.iotcloud.cgl/xsd; compilation may fail
2012-02-14 17:14:12,199 [-] [main]  WARN SchemaCompiler No schemaLocation for import of http://services.iotcloud.cgl/xsd; compilation may fail
2012-02-14 17:29:00,667 [-] [main]  WARN SchemaCompiler No schemaLocation for import of http://sensor.services.iotcloud.cgl/xsd; compilation may fail
2012-02-14 17:29:00,690 [-] [main]  WARN SchemaCompiler No schemaLocation for import of http://services.iotcloud.cgl/xsd; compilation may fail
2012-02-15 09:52:33,387 [-] [main]  WARN SchemaCompiler No schemaLocation for import of http://sensor.services.iotcloud.cgl/xsd; compilation may fail
2012-02-15 09:52:33,388 [-] [main]  WARN SchemaCompiler No schemaLocation for import of http://services.iotcloud.cgl/xsd; compilation may fail
2012-03-03 01:32:10,713 [-] [main]  WARN SchemaCompiler No schemaLocation for import of http://sensor.services.iotcloud.cgl/xsd; compilation may fail
2012-03-03 01:32:10,713 [-] [main]  WARN SchemaCompiler No schemaLocation for import of http://services.iotcloud.cgl/xsd; compilation may fail
2012-03-03 02:47:52,128 [-] [main]  WARN SchemaCompiler No schemaLocation for import of http://sensor.services.iotcloud.cgl/xsd; compilation may fail
2012-03-03 02:47:52,129 [-] [main]  WARN SchemaCompiler No schemaLocation for import of http://services.iotcloud.cgl/xsd; compilation may fail
2012-03-06 17:39:33,691 [-] [main]  WARN SchemaCompiler No schemaLocation for import of http://sensor.services.iotcloud.cgl/xsd; compilation may fail
2012-03-06 17:39:33,726 [-] [main]  WARN SchemaCompiler No schemaLocation for import of http://services.iotcloud.cgl/xsd; compilation may fail
2012-03-14 03:42:31,031 [-] [main]  WARN SchemaCompiler No schemaLocation for import of http://sensor.services.iotcloud.cgl/xsd; compilation may fail
2012-03-14 03:42:31,045 [-] [main]  WARN SchemaCompiler No schemaLocation for import of http://services.iotcloud.cgl/xsd; compilation may fail
2012-03-14 20:31:51,333 [-] [main]  WARN SchemaCompiler No schemaLocation for import of http://sensor.services.iotcloud.cgl/xsd; compilation may fail
2012-03-14 20:31:51,364 [-] [main]  WARN SchemaCompiler No schemaLocation for import of http://services.iotcloud.cgl/xsd; compilation may fail
2012-03-15 08:16:01,270 [-] [main]  WARN SchemaCompiler No schemaLocation for import of http://sensor.services.iotcloud.cgl/xsd; compilation may fail
2012-03-15 08:16:01,288 [-] [main]  WARN SchemaCompiler No schemaLocation for import of http://services.iotcloud.cgl/xsd; compilation may fail
2012-03-15 08:40:13,974 [-] [main]  WARN SchemaCompiler No schemaLocation for import of http://sensor.services.iotcloud.cgl/xsd; compilation may fail
2012-03-15 08:40:13,975 [-] [main]  WARN SchemaCompiler No schemaLocation for import of http://services.iotcloud.cgl/xsd; compilation may fail
2012-03-15 09:03:42,052 [-] [main]  WARN SchemaCompiler No schemaLocation for import of http://sensor.services.iotcloud.cgl/xsd; compilation may fail
2012-03-15 09:03:42,053 [-] [main]  WARN SchemaCompiler No schemaLocation for import of http://services.iotcloud.cgl/xsd; compilation may fail
